  Atoms.cpp
D:\coding\Atoms\Element\inc\element\element.h(21,26): warning C4244: '=': conversion from 'float' to 'int', possible loss of data
D:\coding\Atoms\Element\inc\periodicTable\periodicTable.h(163,41): warning C4305: 'argument': truncation from 'double' to 'float'
D:\coding\Atoms\Element\inc\periodicTable\periodicTable.h(166,1): warning C4305: 'argument': truncation from 'double' to 'float'
D:\coding\Atoms\Element\inc\periodicTable\periodicTable.h(167,1): warning C4305: 'argument': truncation from 'double' to 'float'
D:\coding\Atoms\Element\inc\periodicTable\periodicTable.h(168,1): warning C4305: 'argument': truncation from 'double' to 'float'
D:\coding\Atoms\Element\inc\periodicTable\periodicTable.h(169,1): warning C4305: 'argument': truncation from 'double' to 'float'
D:\coding\Atoms\Element\inc\periodicTable\periodicTable.h(170,1): warning C4305: 'argument': truncation from 'double' to 'float'
D:\coding\Atoms\Element\inc\periodicTable\periodicTable.h(171,1): warning C4305: 'argument': truncation from 'double' to 'float'
D:\coding\Atoms\Element\inc\periodicTable\periodicTable.h(172,1): warning C4305: 'argument': truncation from 'double' to 'float'
D:\coding\Atoms\Element\inc\periodicTable\periodicTable.h(173,1): warning C4305: 'argument': truncation from 'double' to 'float'
D:\coding\Atoms\Element\inc\periodicTable\periodicTable.h(174,1): warning C4305: 'argument': truncation from 'double' to 'float'
D:\coding\Atoms\Element\inc\periodicTable\periodicTable.h(175,1): warning C4305: 'argument': truncation from 'double' to 'float'
D:\coding\Atoms\Element\inc\periodicTable\periodicTable.h(176,1): warning C4305: 'argument': truncation from 'double' to 'float'
D:\coding\Atoms\Element\inc\periodicTable\periodicTable.h(177,1): warning C4305: 'argument': truncation from 'double' to 'float'
D:\coding\Atoms\Element\inc\periodicTable\periodicTable.h(178,1): warning C4305: 'argument': truncation from 'double' to 'float'
D:\coding\Atoms\Element\inc\periodicTable\periodicTable.h(179,1): warning C4305: 'argument': truncation from 'double' to 'float'
D:\coding\Atoms\Element\inc\periodicTable\periodicTable.h(180,1): warning C4305: 'argument': truncation from 'double' to 'float'
D:\coding\Atoms\Element\inc\periodicTable\periodicTable.h(181,1): warning C4305: 'argument': truncation from 'double' to 'float'
D:\coding\Atoms\Element\inc\periodicTable\periodicTable.h(182,1): warning C4305: 'argument': truncation from 'double' to 'float'
D:\coding\Atoms\Element\inc\periodicTable\periodicTable.h(183,1): warning C4305: 'argument': truncation from 'double' to 'float'
D:\coding\Atoms\Element\inc\periodicTable\periodicTable.h(184,1): warning C4305: 'argument': truncation from 'double' to 'float'
D:\coding\Atoms\Element\inc\periodicTable\periodicTable.h(185,1): warning C4305: 'argument': truncation from 'double' to 'float'
D:\coding\Atoms\Element\inc\periodicTable\periodicTable.h(186,1): warning C4305: 'argument': truncation from 'double' to 'float'
D:\coding\Atoms\Element\inc\periodicTable\periodicTable.h(187,1): warning C4305: 'argument': truncation from 'double' to 'float'
D:\coding\Atoms\Element\inc\periodicTable\periodicTable.h(188,1): warning C4305: 'argument': truncation from 'double' to 'float'
D:\coding\Atoms\Element\inc\periodicTable\periodicTable.h(189,1): warning C4305: 'argument': truncation from 'double' to 'float'
D:\coding\Atoms\Element\inc\periodicTable\periodicTable.h(190,1): warning C4305: 'argument': truncation from 'double' to 'float'
D:\coding\Atoms\Element\inc\periodicTable\periodicTable.h(191,1): warning C4305: 'argument': truncation from 'double' to 'float'
D:\coding\Atoms\Element\inc\periodicTable\periodicTable.h(192,1): warning C4305: 'argument': truncation from 'double' to 'float'
D:\coding\Atoms\Element\inc\periodicTable\periodicTable.h(193,1): warning C4305: 'argument': truncation from 'double' to 'float'
D:\coding\Atoms\Element\inc\periodicTable\periodicTable.h(194,1): warning C4305: 'argument': truncation from 'double' to 'float'
D:\coding\Atoms\Element\inc\periodicTable\periodicTable.h(195,1): warning C4305: 'argument': truncation from 'double' to 'float'
D:\coding\Atoms\Element\inc\periodicTable\periodicTable.h(196,1): warning C4305: 'argument': truncation from 'double' to 'float'
D:\coding\Atoms\Element\inc\periodicTable\periodicTable.h(197,1): warning C4305: 'argument': truncation from 'double' to 'float'
D:\coding\Atoms\Element\inc\periodicTable\periodicTable.h(198,1): warning C4305: 'argument': truncation from 'double' to 'float'
D:\coding\Atoms\Element\inc\periodicTable\periodicTable.h(199,1): warning C4305: 'argument': truncation from 'double' to 'float'
D:\coding\Atoms\Element\inc\periodicTable\periodicTable.h(200,1): warning C4305: 'argument': truncation from 'double' to 'float'
D:\coding\Atoms\Element\inc\periodicTable\periodicTable.h(201,1): warning C4305: 'argument': truncation from 'double' to 'float'
D:\coding\Atoms\Element\inc\periodicTable\periodicTable.h(202,1): warning C4305: 'argument': truncation from 'double' to 'float'
D:\coding\Atoms\Element\inc\periodicTable\periodicTable.h(203,1): warning C4305: 'argument': truncation from 'double' to 'float'
D:\coding\Atoms\Element\inc\periodicTable\periodicTable.h(204,1): warning C4305: 'argument': truncation from 'double' to 'float'
D:\coding\Atoms\Element\inc\periodicTable\periodicTable.h(205,1): warning C4305: 'argument': truncation from 'double' to 'float'
D:\coding\Atoms\Element\inc\periodicTable\periodicTable.h(206,1): warning C4305: 'argument': truncation from 'double' to 'float'
D:\coding\Atoms\Element\inc\periodicTable\periodicTable.h(208,1): warning C4305: 'argument': truncation from 'double' to 'float'
D:\coding\Atoms\Element\inc\periodicTable\periodicTable.h(209,1): warning C4305: 'argument': truncation from 'double' to 'float'
D:\coding\Atoms\Element\inc\periodicTable\periodicTable.h(210,1): warning C4305: 'argument': truncation from 'double' to 'float'
D:\coding\Atoms\Element\inc\periodicTable\periodicTable.h(211,1): warning C4305: 'argument': truncation from 'double' to 'float'
D:\coding\Atoms\Element\inc\periodicTable\periodicTable.h(212,1): warning C4305: 'argument': truncation from 'double' to 'float'
D:\coding\Atoms\Element\inc\periodicTable\periodicTable.h(213,1): warning C4305: 'argument': truncation from 'double' to 'float'
D:\coding\Atoms\Element\inc\periodicTable\periodicTable.h(214,1): warning C4305: 'argument': truncation from 'double' to 'float'
D:\coding\Atoms\Element\inc\periodicTable\periodicTable.h(215,1): warning C4305: 'argument': truncation from 'double' to 'float'
D:\coding\Atoms\Element\inc\periodicTable\periodicTable.h(216,1): warning C4305: 'argument': truncation from 'double' to 'float'
D:\coding\Atoms\Element\inc\periodicTable\periodicTable.h(217,1): warning C4305: 'argument': truncation from 'double' to 'float'
D:\coding\Atoms\Element\inc\periodicTable\periodicTable.h(218,1): warning C4305: 'argument': truncation from 'double' to 'float'
D:\coding\Atoms\Element\inc\periodicTable\periodicTable.h(219,1): warning C4305: 'argument': truncation from 'double' to 'float'
D:\coding\Atoms\Element\inc\periodicTable\periodicTable.h(220,1): warning C4305: 'argument': truncation from 'double' to 'float'
D:\coding\Atoms\Element\inc\periodicTable\periodicTable.h(221,1): warning C4305: 'argument': truncation from 'double' to 'float'
D:\coding\Atoms\Element\inc\periodicTable\periodicTable.h(222,1): warning C4305: 'argument': truncation from 'double' to 'float'
D:\coding\Atoms\Element\inc\periodicTable\periodicTable.h(223,1): warning C4305: 'argument': truncation from 'double' to 'float'
D:\coding\Atoms\Element\inc\periodicTable\periodicTable.h(224,1): warning C4305: 'argument': truncation from 'double' to 'float'
D:\coding\Atoms\Element\inc\periodicTable\periodicTable.h(226,1): warning C4305: 'argument': truncation from 'double' to 'float'
D:\coding\Atoms\Element\inc\periodicTable\periodicTable.h(227,1): warning C4305: 'argument': truncation from 'double' to 'float'
D:\coding\Atoms\Element\inc\periodicTable\periodicTable.h(229,1): warning C4305: 'argument': truncation from 'double' to 'float'
D:\coding\Atoms\Element\inc\periodicTable\periodicTable.h(231,1): warning C4305: 'argument': truncation from 'double' to 'float'
D:\coding\Atoms\Element\inc\periodicTable\periodicTable.h(232,1): warning C4305: 'argument': truncation from 'double' to 'float'
D:\coding\Atoms\Element\inc\periodicTable\periodicTable.h(233,1): warning C4305: 'argument': truncation from 'double' to 'float'
D:\coding\Atoms\Element\inc\periodicTable\periodicTable.h(234,1): warning C4305: 'argument': truncation from 'double' to 'float'
D:\coding\Atoms\Element\inc\periodicTable\periodicTable.h(235,1): warning C4305: 'argument': truncation from 'double' to 'float'
D:\coding\Atoms\Element\inc\periodicTable\periodicTable.h(236,1): warning C4305: 'argument': truncation from 'double' to 'float'
D:\coding\Atoms\Element\inc\periodicTable\periodicTable.h(237,1): warning C4305: 'argument': truncation from 'double' to 'float'
D:\coding\Atoms\Element\inc\periodicTable\periodicTable.h(238,1): warning C4305: 'argument': truncation from 'double' to 'float'
D:\coding\Atoms\Element\inc\periodicTable\periodicTable.h(239,1): warning C4305: 'argument': truncation from 'double' to 'float'
D:\coding\Atoms\Element\inc\periodicTable\periodicTable.h(240,1): warning C4305: 'argument': truncation from 'double' to 'float'
D:\coding\Atoms\Element\inc\periodicTable\periodicTable.h(241,1): warning C4305: 'argument': truncation from 'double' to 'float'
D:\coding\Atoms\Element\inc\periodicTable\periodicTable.h(242,1): warning C4305: 'argument': truncation from 'double' to 'float'
D:\coding\Atoms\Element\inc\periodicTable\periodicTable.h(243,1): warning C4305: 'argument': truncation from 'double' to 'float'
D:\coding\Atoms\Element\inc\periodicTable\periodicTable.h(244,1): warning C4305: 'argument': truncation from 'double' to 'float'
D:\coding\Atoms\Element\inc\periodicTable\periodicTable.h(245,1): warning C4305: 'argument': truncation from 'double' to 'float'
D:\coding\Atoms\Element\inc\periodicTable\periodicTable.h(246,1): warning C4305: 'argument': truncation from 'double' to 'float'
D:\coding\Atoms\Element\inc\periodicTable\periodicTable.h(247,1): warning C4305: 'argument': truncation from 'double' to 'float'
D:\coding\Atoms\Element\inc\periodicTable\periodicTable.h(254,1): warning C4305: 'argument': truncation from 'double' to 'float'
D:\coding\Atoms\Element\inc\periodicTable\periodicTable.h(255,1): warning C4305: 'argument': truncation from 'double' to 'float'
D:\coding\Atoms\Element\inc\periodicTable\periodicTable.h(256,1): warning C4305: 'argument': truncation from 'double' to 'float'
  entryPoint.cpp
D:\coding\Atoms\Element\inc\element\element.h(21,26): warning C4244: '=': conversion from 'float' to 'int', possible loss of data
D:\coding\Atoms\Element\inc\periodicTable\periodicTable.h(163,41): warning C4305: 'argument': truncation from 'double' to 'float'
D:\coding\Atoms\Element\inc\periodicTable\periodicTable.h(166,1): warning C4305: 'argument': truncation from 'double' to 'float'
D:\coding\Atoms\Element\inc\periodicTable\periodicTable.h(167,1): warning C4305: 'argument': truncation from 'double' to 'float'
D:\coding\Atoms\Element\inc\periodicTable\periodicTable.h(168,1): warning C4305: 'argument': truncation from 'double' to 'float'
D:\coding\Atoms\Element\inc\periodicTable\periodicTable.h(169,1): warning C4305: 'argument': truncation from 'double' to 'float'
D:\coding\Atoms\Element\inc\periodicTable\periodicTable.h(170,1): warning C4305: 'argument': truncation from 'double' to 'float'
D:\coding\Atoms\Element\inc\periodicTable\periodicTable.h(171,1): warning C4305: 'argument': truncation from 'double' to 'float'
D:\coding\Atoms\Element\inc\periodicTable\periodicTable.h(172,1): warning C4305: 'argument': truncation from 'double' to 'float'
D:\coding\Atoms\Element\inc\periodicTable\periodicTable.h(173,1): warning C4305: 'argument': truncation from 'double' to 'float'
D:\coding\Atoms\Element\inc\periodicTable\periodicTable.h(174,1): warning C4305: 'argument': truncation from 'double' to 'float'
D:\coding\Atoms\Element\inc\periodicTable\periodicTable.h(175,1): warning C4305: 'argument': truncation from 'double' to 'float'
D:\coding\Atoms\Element\inc\periodicTable\periodicTable.h(176,1): warning C4305: 'argument': truncation from 'double' to 'float'
D:\coding\Atoms\Element\inc\periodicTable\periodicTable.h(177,1): warning C4305: 'argument': truncation from 'double' to 'float'
D:\coding\Atoms\Element\inc\periodicTable\periodicTable.h(178,1): warning C4305: 'argument': truncation from 'double' to 'float'
D:\coding\Atoms\Element\inc\periodicTable\periodicTable.h(179,1): warning C4305: 'argument': truncation from 'double' to 'float'
D:\coding\Atoms\Element\inc\periodicTable\periodicTable.h(180,1): warning C4305: 'argument': truncation from 'double' to 'float'
D:\coding\Atoms\Element\inc\periodicTable\periodicTable.h(181,1): warning C4305: 'argument': truncation from 'double' to 'float'
D:\coding\Atoms\Element\inc\periodicTable\periodicTable.h(182,1): warning C4305: 'argument': truncation from 'double' to 'float'
D:\coding\Atoms\Element\inc\periodicTable\periodicTable.h(183,1): warning C4305: 'argument': truncation from 'double' to 'float'
D:\coding\Atoms\Element\inc\periodicTable\periodicTable.h(184,1): warning C4305: 'argument': truncation from 'double' to 'float'
D:\coding\Atoms\Element\inc\periodicTable\periodicTable.h(185,1): warning C4305: 'argument': truncation from 'double' to 'float'
D:\coding\Atoms\Element\inc\periodicTable\periodicTable.h(186,1): warning C4305: 'argument': truncation from 'double' to 'float'
D:\coding\Atoms\Element\inc\periodicTable\periodicTable.h(187,1): warning C4305: 'argument': truncation from 'double' to 'float'
D:\coding\Atoms\Element\inc\periodicTable\periodicTable.h(188,1): warning C4305: 'argument': truncation from 'double' to 'float'
D:\coding\Atoms\Element\inc\periodicTable\periodicTable.h(189,1): warning C4305: 'argument': truncation from 'double' to 'float'
D:\coding\Atoms\Element\inc\periodicTable\periodicTable.h(190,1): warning C4305: 'argument': truncation from 'double' to 'float'
D:\coding\Atoms\Element\inc\periodicTable\periodicTable.h(191,1): warning C4305: 'argument': truncation from 'double' to 'float'
D:\coding\Atoms\Element\inc\periodicTable\periodicTable.h(192,1): warning C4305: 'argument': truncation from 'double' to 'float'
D:\coding\Atoms\Element\inc\periodicTable\periodicTable.h(193,1): warning C4305: 'argument': truncation from 'double' to 'float'
D:\coding\Atoms\Element\inc\periodicTable\periodicTable.h(194,1): warning C4305: 'argument': truncation from 'double' to 'float'
D:\coding\Atoms\Element\inc\periodicTable\periodicTable.h(195,1): warning C4305: 'argument': truncation from 'double' to 'float'
D:\coding\Atoms\Element\inc\periodicTable\periodicTable.h(196,1): warning C4305: 'argument': truncation from 'double' to 'float'
D:\coding\Atoms\Element\inc\periodicTable\periodicTable.h(197,1): warning C4305: 'argument': truncation from 'double' to 'float'
D:\coding\Atoms\Element\inc\periodicTable\periodicTable.h(198,1): warning C4305: 'argument': truncation from 'double' to 'float'
D:\coding\Atoms\Element\inc\periodicTable\periodicTable.h(199,1): warning C4305: 'argument': truncation from 'double' to 'float'
D:\coding\Atoms\Element\inc\periodicTable\periodicTable.h(200,1): warning C4305: 'argument': truncation from 'double' to 'float'
D:\coding\Atoms\Element\inc\periodicTable\periodicTable.h(201,1): warning C4305: 'argument': truncation from 'double' to 'float'
D:\coding\Atoms\Element\inc\periodicTable\periodicTable.h(202,1): warning C4305: 'argument': truncation from 'double' to 'float'
D:\coding\Atoms\Element\inc\periodicTable\periodicTable.h(203,1): warning C4305: 'argument': truncation from 'double' to 'float'
D:\coding\Atoms\Element\inc\periodicTable\periodicTable.h(204,1): warning C4305: 'argument': truncation from 'double' to 'float'
D:\coding\Atoms\Element\inc\periodicTable\periodicTable.h(205,1): warning C4305: 'argument': truncation from 'double' to 'float'
D:\coding\Atoms\Element\inc\periodicTable\periodicTable.h(206,1): warning C4305: 'argument': truncation from 'double' to 'float'
D:\coding\Atoms\Element\inc\periodicTable\periodicTable.h(208,1): warning C4305: 'argument': truncation from 'double' to 'float'
D:\coding\Atoms\Element\inc\periodicTable\periodicTable.h(209,1): warning C4305: 'argument': truncation from 'double' to 'float'
D:\coding\Atoms\Element\inc\periodicTable\periodicTable.h(210,1): warning C4305: 'argument': truncation from 'double' to 'float'
D:\coding\Atoms\Element\inc\periodicTable\periodicTable.h(211,1): warning C4305: 'argument': truncation from 'double' to 'float'
D:\coding\Atoms\Element\inc\periodicTable\periodicTable.h(212,1): warning C4305: 'argument': truncation from 'double' to 'float'
D:\coding\Atoms\Element\inc\periodicTable\periodicTable.h(213,1): warning C4305: 'argument': truncation from 'double' to 'float'
D:\coding\Atoms\Element\inc\periodicTable\periodicTable.h(214,1): warning C4305: 'argument': truncation from 'double' to 'float'
D:\coding\Atoms\Element\inc\periodicTable\periodicTable.h(215,1): warning C4305: 'argument': truncation from 'double' to 'float'
D:\coding\Atoms\Element\inc\periodicTable\periodicTable.h(216,1): warning C4305: 'argument': truncation from 'double' to 'float'
D:\coding\Atoms\Element\inc\periodicTable\periodicTable.h(217,1): warning C4305: 'argument': truncation from 'double' to 'float'
D:\coding\Atoms\Element\inc\periodicTable\periodicTable.h(218,1): warning C4305: 'argument': truncation from 'double' to 'float'
D:\coding\Atoms\Element\inc\periodicTable\periodicTable.h(219,1): warning C4305: 'argument': truncation from 'double' to 'float'
D:\coding\Atoms\Element\inc\periodicTable\periodicTable.h(220,1): warning C4305: 'argument': truncation from 'double' to 'float'
D:\coding\Atoms\Element\inc\periodicTable\periodicTable.h(221,1): warning C4305: 'argument': truncation from 'double' to 'float'
D:\coding\Atoms\Element\inc\periodicTable\periodicTable.h(222,1): warning C4305: 'argument': truncation from 'double' to 'float'
D:\coding\Atoms\Element\inc\periodicTable\periodicTable.h(223,1): warning C4305: 'argument': truncation from 'double' to 'float'
D:\coding\Atoms\Element\inc\periodicTable\periodicTable.h(224,1): warning C4305: 'argument': truncation from 'double' to 'float'
D:\coding\Atoms\Element\inc\periodicTable\periodicTable.h(226,1): warning C4305: 'argument': truncation from 'double' to 'float'
D:\coding\Atoms\Element\inc\periodicTable\periodicTable.h(227,1): warning C4305: 'argument': truncation from 'double' to 'float'
D:\coding\Atoms\Element\inc\periodicTable\periodicTable.h(229,1): warning C4305: 'argument': truncation from 'double' to 'float'
D:\coding\Atoms\Element\inc\periodicTable\periodicTable.h(231,1): warning C4305: 'argument': truncation from 'double' to 'float'
D:\coding\Atoms\Element\inc\periodicTable\periodicTable.h(232,1): warning C4305: 'argument': truncation from 'double' to 'float'
D:\coding\Atoms\Element\inc\periodicTable\periodicTable.h(233,1): warning C4305: 'argument': truncation from 'double' to 'float'
D:\coding\Atoms\Element\inc\periodicTable\periodicTable.h(234,1): warning C4305: 'argument': truncation from 'double' to 'float'
D:\coding\Atoms\Element\inc\periodicTable\periodicTable.h(235,1): warning C4305: 'argument': truncation from 'double' to 'float'
D:\coding\Atoms\Element\inc\periodicTable\periodicTable.h(236,1): warning C4305: 'argument': truncation from 'double' to 'float'
D:\coding\Atoms\Element\inc\periodicTable\periodicTable.h(237,1): warning C4305: 'argument': truncation from 'double' to 'float'
D:\coding\Atoms\Element\inc\periodicTable\periodicTable.h(238,1): warning C4305: 'argument': truncation from 'double' to 'float'
D:\coding\Atoms\Element\inc\periodicTable\periodicTable.h(239,1): warning C4305: 'argument': truncation from 'double' to 'float'
D:\coding\Atoms\Element\inc\periodicTable\periodicTable.h(240,1): warning C4305: 'argument': truncation from 'double' to 'float'
D:\coding\Atoms\Element\inc\periodicTable\periodicTable.h(241,1): warning C4305: 'argument': truncation from 'double' to 'float'
D:\coding\Atoms\Element\inc\periodicTable\periodicTable.h(242,1): warning C4305: 'argument': truncation from 'double' to 'float'
D:\coding\Atoms\Element\inc\periodicTable\periodicTable.h(243,1): warning C4305: 'argument': truncation from 'double' to 'float'
D:\coding\Atoms\Element\inc\periodicTable\periodicTable.h(244,1): warning C4305: 'argument': truncation from 'double' to 'float'
D:\coding\Atoms\Element\inc\periodicTable\periodicTable.h(245,1): warning C4305: 'argument': truncation from 'double' to 'float'
D:\coding\Atoms\Element\inc\periodicTable\periodicTable.h(246,1): warning C4305: 'argument': truncation from 'double' to 'float'
D:\coding\Atoms\Element\inc\periodicTable\periodicTable.h(247,1): warning C4305: 'argument': truncation from 'double' to 'float'
D:\coding\Atoms\Element\inc\periodicTable\periodicTable.h(254,1): warning C4305: 'argument': truncation from 'double' to 'float'
D:\coding\Atoms\Element\inc\periodicTable\periodicTable.h(255,1): warning C4305: 'argument': truncation from 'double' to 'float'
D:\coding\Atoms\Element\inc\periodicTable\periodicTable.h(256,1): warning C4305: 'argument': truncation from 'double' to 'float'
  Generating Code...
D:\coding\Atoms\Atoms\inc\Atoms\Atoms.cpp(54): warning C4715: 'Atoms::m_InitializeOpenGL': not all control paths return a value
glfw3.lib(init.obj) : warning LNK4099: PDB 'glfw3.pdb' was not found with 'glfw3.lib(init.obj)' or at 'D:\coding\Atoms\x64\Debug\glfw3.pdb'; linking object as if no debug info
glfw3.lib(window.obj) : warning LNK4099: PDB 'glfw3.pdb' was not found with 'glfw3.lib(window.obj)' or at 'D:\coding\Atoms\x64\Debug\glfw3.pdb'; linking object as if no debug info
glfw3.lib(context.obj) : warning LNK4099: PDB 'glfw3.pdb' was not found with 'glfw3.lib(context.obj)' or at 'D:\coding\Atoms\x64\Debug\glfw3.pdb'; linking object as if no debug info
glfw3.lib(input.obj) : warning LNK4099: PDB 'glfw3.pdb' was not found with 'glfw3.lib(input.obj)' or at 'D:\coding\Atoms\x64\Debug\glfw3.pdb'; linking object as if no debug info
glfw3.lib(win32_init.obj) : warning LNK4099: PDB 'glfw3.pdb' was not found with 'glfw3.lib(win32_init.obj)' or at 'D:\coding\Atoms\x64\Debug\glfw3.pdb'; linking object as if no debug info
glfw3.lib(win32_monitor.obj) : warning LNK4099: PDB 'glfw3.pdb' was not found with 'glfw3.lib(win32_monitor.obj)' or at 'D:\coding\Atoms\x64\Debug\glfw3.pdb'; linking object as if no debug info
glfw3.lib(win32_time.obj) : warning LNK4099: PDB 'glfw3.pdb' was not found with 'glfw3.lib(win32_time.obj)' or at 'D:\coding\Atoms\x64\Debug\glfw3.pdb'; linking object as if no debug info
glfw3.lib(win32_thread.obj) : warning LNK4099: PDB 'glfw3.pdb' was not found with 'glfw3.lib(win32_thread.obj)' or at 'D:\coding\Atoms\x64\Debug\glfw3.pdb'; linking object as if no debug info
glfw3.lib(monitor.obj) : warning LNK4099: PDB 'glfw3.pdb' was not found with 'glfw3.lib(monitor.obj)' or at 'D:\coding\Atoms\x64\Debug\glfw3.pdb'; linking object as if no debug info
glfw3.lib(vulkan.obj) : warning LNK4099: PDB 'glfw3.pdb' was not found with 'glfw3.lib(vulkan.obj)' or at 'D:\coding\Atoms\x64\Debug\glfw3.pdb'; linking object as if no debug info
glfw3.lib(win32_window.obj) : warning LNK4099: PDB 'glfw3.pdb' was not found with 'glfw3.lib(win32_window.obj)' or at 'D:\coding\Atoms\x64\Debug\glfw3.pdb'; linking object as if no debug info
glfw3.lib(win32_joystick.obj) : warning LNK4099: PDB 'glfw3.pdb' was not found with 'glfw3.lib(win32_joystick.obj)' or at 'D:\coding\Atoms\x64\Debug\glfw3.pdb'; linking object as if no debug info
glfw3.lib(wgl_context.obj) : warning LNK4099: PDB 'glfw3.pdb' was not found with 'glfw3.lib(wgl_context.obj)' or at 'D:\coding\Atoms\x64\Debug\glfw3.pdb'; linking object as if no debug info
glfw3.lib(egl_context.obj) : warning LNK4099: PDB 'glfw3.pdb' was not found with 'glfw3.lib(egl_context.obj)' or at 'D:\coding\Atoms\x64\Debug\glfw3.pdb'; linking object as if no debug info
glfw3.lib(osmesa_context.obj) : warning LNK4099: PDB 'glfw3.pdb' was not found with 'glfw3.lib(osmesa_context.obj)' or at 'D:\coding\Atoms\x64\Debug\glfw3.pdb'; linking object as if no debug info
freetype.lib(ftinit.obj) : warning LNK4099: PDB 'freetype.pdb' was not found with 'freetype.lib(ftinit.obj)' or at 'D:\coding\Atoms\x64\Debug\freetype.pdb'; linking object as if no debug info
freetype.lib(ftbase.obj) : warning LNK4099: PDB 'freetype.pdb' was not found with 'freetype.lib(ftbase.obj)' or at 'D:\coding\Atoms\x64\Debug\freetype.pdb'; linking object as if no debug info
freetype.lib(autofit.obj) : warning LNK4099: PDB 'freetype.pdb' was not found with 'freetype.lib(autofit.obj)' or at 'D:\coding\Atoms\x64\Debug\freetype.pdb'; linking object as if no debug info
freetype.lib(truetype.obj) : warning LNK4099: PDB 'freetype.pdb' was not found with 'freetype.lib(truetype.obj)' or at 'D:\coding\Atoms\x64\Debug\freetype.pdb'; linking object as if no debug info
freetype.lib(type1.obj) : warning LNK4099: PDB 'freetype.pdb' was not found with 'freetype.lib(type1.obj)' or at 'D:\coding\Atoms\x64\Debug\freetype.pdb'; linking object as if no debug info
freetype.lib(cff.obj) : warning LNK4099: PDB 'freetype.pdb' was not found with 'freetype.lib(cff.obj)' or at 'D:\coding\Atoms\x64\Debug\freetype.pdb'; linking object as if no debug info
freetype.lib(type1cid.obj) : warning LNK4099: PDB 'freetype.pdb' was not found with 'freetype.lib(type1cid.obj)' or at 'D:\coding\Atoms\x64\Debug\freetype.pdb'; linking object as if no debug info
freetype.lib(pfr.obj) : warning LNK4099: PDB 'freetype.pdb' was not found with 'freetype.lib(pfr.obj)' or at 'D:\coding\Atoms\x64\Debug\freetype.pdb'; linking object as if no debug info
freetype.lib(type42.obj) : warning LNK4099: PDB 'freetype.pdb' was not found with 'freetype.lib(type42.obj)' or at 'D:\coding\Atoms\x64\Debug\freetype.pdb'; linking object as if no debug info
freetype.lib(winfnt.obj) : warning LNK4099: PDB 'freetype.pdb' was not found with 'freetype.lib(winfnt.obj)' or at 'D:\coding\Atoms\x64\Debug\freetype.pdb'; linking object as if no debug info
freetype.lib(pcf.obj) : warning LNK4099: PDB 'freetype.pdb' was not found with 'freetype.lib(pcf.obj)' or at 'D:\coding\Atoms\x64\Debug\freetype.pdb'; linking object as if no debug info
freetype.lib(bdf.obj) : warning LNK4099: PDB 'freetype.pdb' was not found with 'freetype.lib(bdf.obj)' or at 'D:\coding\Atoms\x64\Debug\freetype.pdb'; linking object as if no debug info
freetype.lib(psaux.obj) : warning LNK4099: PDB 'freetype.pdb' was not found with 'freetype.lib(psaux.obj)' or at 'D:\coding\Atoms\x64\Debug\freetype.pdb'; linking object as if no debug info
freetype.lib(psmodule.obj) : warning LNK4099: PDB 'freetype.pdb' was not found with 'freetype.lib(psmodule.obj)' or at 'D:\coding\Atoms\x64\Debug\freetype.pdb'; linking object as if no debug info
MSVCRTD.lib(initializers.obj) : warning LNK4098: defaultlib 'libcmtd.lib' conflicts with use of other libs; use /NODEFAULTLIB:library
freetype.lib(pshinter.obj) : warning LNK4099: PDB 'freetype.pdb' was not found with 'freetype.lib(pshinter.obj)' or at 'D:\coding\Atoms\x64\Debug\freetype.pdb'; linking object as if no debug info
freetype.lib(sfnt.obj) : warning LNK4099: PDB 'freetype.pdb' was not found with 'freetype.lib(sfnt.obj)' or at 'D:\coding\Atoms\x64\Debug\freetype.pdb'; linking object as if no debug info
freetype.lib(smooth.obj) : warning LNK4099: PDB 'freetype.pdb' was not found with 'freetype.lib(smooth.obj)' or at 'D:\coding\Atoms\x64\Debug\freetype.pdb'; linking object as if no debug info
freetype.lib(raster.obj) : warning LNK4099: PDB 'freetype.pdb' was not found with 'freetype.lib(raster.obj)' or at 'D:\coding\Atoms\x64\Debug\freetype.pdb'; linking object as if no debug info
freetype.lib(sdf.obj) : warning LNK4099: PDB 'freetype.pdb' was not found with 'freetype.lib(sdf.obj)' or at 'D:\coding\Atoms\x64\Debug\freetype.pdb'; linking object as if no debug info
freetype.lib(svg.obj) : warning LNK4099: PDB 'freetype.pdb' was not found with 'freetype.lib(svg.obj)' or at 'D:\coding\Atoms\x64\Debug\freetype.pdb'; linking object as if no debug info
freetype.lib(ftsystem.obj) : warning LNK4099: PDB 'freetype.pdb' was not found with 'freetype.lib(ftsystem.obj)' or at 'D:\coding\Atoms\x64\Debug\freetype.pdb'; linking object as if no debug info
freetype.lib(ftdebug.obj) : warning LNK4099: PDB 'freetype.pdb' was not found with 'freetype.lib(ftdebug.obj)' or at 'D:\coding\Atoms\x64\Debug\freetype.pdb'; linking object as if no debug info
freetype.lib(ftbitmap.obj) : warning LNK4099: PDB 'freetype.pdb' was not found with 'freetype.lib(ftbitmap.obj)' or at 'D:\coding\Atoms\x64\Debug\freetype.pdb'; linking object as if no debug info
freetype.lib(ftgzip.obj) : warning LNK4099: PDB 'freetype.pdb' was not found with 'freetype.lib(ftgzip.obj)' or at 'D:\coding\Atoms\x64\Debug\freetype.pdb'; linking object as if no debug info
freetype.lib(ftlzw.obj) : warning LNK4099: PDB 'freetype.pdb' was not found with 'freetype.lib(ftlzw.obj)' or at 'D:\coding\Atoms\x64\Debug\freetype.pdb'; linking object as if no debug info
  Atoms.vcxproj -> D:\coding\Atoms\x64\Debug\Atoms.exe
